Arguments: 
  /Users/adriana.tello/.nvm/versions/node/v14.19.1/bin/node /Users/adriana.tello/.nvm/versions/node/v14.19.1/bin/yarn add @adrianatellop/sandbox-lib@0.0.0

PATH: 
  /usr/local/bin:/usr/bin:/bin:/usr/sbin:/sbin:/Users/adriana.tello/.nvm/versions/node/v14.19.1/bin

Yarn version: 
  1.22.18

Node version: 
  14.19.1

Platform: 
  darwin x64

Trace: 
  Error: https://registry.npmjs.com/@adrianatellop%2fsandbox-lib: Not found
      at Request.params.callback [as _callback] (/Users/adriana.tello/.nvm/versions/node/v14.19.1/lib/node_modules/yarn/lib/cli.js:66138:18)
      at Request.self.callback (/Users/adriana.tello/.nvm/versions/node/v14.19.1/lib/node_modules/yarn/lib/cli.js:140883:22)
      at Request.emit (events.js:400:28)
      at Request.<anonymous> (/Users/adriana.tello/.nvm/versions/node/v14.19.1/lib/node_modules/yarn/lib/cli.js:141855:10)
      at Request.emit (events.js:400:28)
      at IncomingMessage.<anonymous> (/Users/adriana.tello/.nvm/versions/node/v14.19.1/lib/node_modules/yarn/lib/cli.js:141777:12)
      at Object.onceWrapper (events.js:519:28)
      at IncomingMessage.emit (events.js:412:35)
      at endReadableNT (internal/streams/readable.js:1334:12)
      at processTicksAndRejections (internal/process/task_queues.js:82:21)

npm manifest: 
  No manifest

yarn manifest: 
  No manifest

Lockfile: 
  No lockfile
